# JRE version: OpenJDK Runtime Environment (8.0_76-b03) (build 1.8.0_76-release-b03)
# Java VM: OpenJDK 64-Bit Server VM (25.76-b03 mixed mode linux-amd64 compressed oops)
Heap:
 PSYoungGen      total 561152K, used 0K [0x00000000d5580000, 0x0000000100000000, 0x0000000100000000)
  eden space 429056K, 0% used [0x00000000d5580000,0x00000000d5580000,0x00000000ef880000)
  from space 132096K, 0% used [0x00000000f7800000,0x00000000f7800000,0x00000000ff900000)
  to   space 130560K, 0% used [0x00000000ef880000,0x00000000ef880000,0x00000000f7800000)
 ParOldGen       total 785408K, used 782555K [0x0000000080000000, 0x00000000aff00000, 0x00000000d5580000)
  object space 785408K, 99% used [0x0000000080000000,0x00000000afc36e08,0x00000000aff00000)
 Metaspace       used 6698K, capacity 7346K, committed 7552K, reserved 1056768K
  class space    used 604K, capacity 618K, committed 640K, reserved 1048576K
GC Heap History (10 events):
Event: 36.921 GC heap after
Heap after GC invocations=26 (full 7):
 PSYoungGen      total 569856K, used 51204K [0x00000000d5580000, 0x0000000100000000, 0x0000000100000000)
  eden space 457216K, 0% used [0x00000000d5580000,0x00000000d5580000,0x00000000f1400000)
  from space 112640K, 45% used [0x00000000f9200000,0x00000000fc4013f8,0x0000000100000000)
  to   space 120832K, 0% used [0x00000000f1400000,0x00000000f1400000,0x00000000f8a00000)
 ParOldGen       total 785408K, used 592014K [0x0000000080000000, 0x00000000aff00000, 0x00000000d5580000)
  object space 785408K, 75% used [0x0000000080000000,0x00000000a4223880,0x00000000aff00000)
 Metaspace       used 6587K, capacity 7280K, committed 7552K, reserved 1056768K
  class space    used 597K, capacity 616K, committed 640K, reserved 1048576K
}
Event: 38.590 GC heap before
{Heap before GC invocations=27 (full 7):
 PSYoungGen      total 569856K, used 508420K [0x00000000d5580000, 0x0000000100000000, 0x0000000100000000)
  eden space 457216K, 100% used [0x00000000d5580000,0x00000000f1400000,0x00000000f1400000)
  from space 112640K, 45% used [0x00000000f9200000,0x00000000fc4013f8,0x0000000100000000)
  to   space 120832K, 0% used [0x00000000f1400000,0x00000000f1400000,0x00000000f8a00000)
 ParOldGen       total 785408K, used 592014K [0x0000000080000000, 0x00000000aff00000, 0x00000000d5580000)
  object space 785408K, 75% used [0x0000000080000000,0x00000000a4223880,0x00000000aff00000)
 Metaspace       used 6587K, capacity 7280K, committed 7552K, reserved 1056768K
  class space    used 598K, capacity 616K, committed 640K, reserved 1048576K
Event: 39.140 GC heap after
Heap after GC invocations=27 (full 7):
 PSYoungGen      total 565760K, used 108154K [0x00000000d5580000, 0x0000000100000000, 0x0000000100000000)
  eden space 457216K, 0% used [0x00000000d5580000,0x00000000d5580000,0x00000000f1400000)
  from space 108544K, 99% used [0x00000000f1400000,0x00000000f7d9eac8,0x00000000f7e00000)
  to   space 133120K, 0% used [0x00000000f7e00000,0x00000000f7e00000,0x0000000100000000)
 ParOldGen       total 785408K, used 632867K [0x0000000080000000, 0x00000000aff00000, 0x00000000d5580000)
  object space 785408K, 80% used [0x0000000080000000,0x00000000a6a08c70,0x00000000aff00000)
 Metaspace       used 6587K, capacity 7280K, committed 7552K, reserved 1056768K
  class space    used 598K, capacity 616K, committed 640K, reserved 1048576K
}
Event: 40.238 GC heap before
{Heap before GC invocations=28 (full 7):
 PSYoungGen      total 565760K, used 565370K [0x00000000d5580000, 0x0000000100000000, 0x0000000100000000)
  eden space 457216K, 100% used [0x00000000d5580000,0x00000000f1400000,0x00000000f1400000)
  from space 108544K, 99% used [0x00000000f1400000,0x00000000f7d9eac8,0x00000000f7e00000)
  to   space 133120K, 0% used [0x00000000f7e00000,0x00000000f7e00000,0x0000000100000000)
 ParOldGen       total 785408K, used 632867K [0x0000000080000000, 0x00000000aff00000, 0x00000000d5580000)
  object space 785408K, 80% used [0x0000000080000000,0x00000000a6a08c70,0x00000000aff00000)
 Metaspace       used 6589K, capacity 7280K, committed 7552K, reserved 1056768K
  class space    used 598K, capacity 616K, committed 640K, reserved 1048576K
Event: 40.406 GC heap after
Heap after GC invocations=28 (full 7):
 PSYoungGen      total 555520K, used 81110K [0x00000000d5580000, 0x0000000100000000, 0x0000000100000000)
  eden space 422400K, 0% used [0x00000000d5580000,0x00000000d5580000,0x00000000ef200000)
  from space 133120K, 60% used [0x00000000f7e00000,0x00000000fcd35b18,0x0000000100000000)
  to   space 138240K, 0% used [0x00000000ef200000,0x00000000ef200000,0x00000000f7900000)
 ParOldGen       total 785408K, used 654668K [0x0000000080000000, 0x00000000aff00000, 0x00000000d5580000)
  object space 785408K, 83% used [0x0000000080000000,0x00000000a7f53190,0x00000000aff00000)
 Metaspace       used 6589K, capacity 7280K, committed 7552K, reserved 1056768K
  class space    used 598K, capacity 616K, committed 640K, reserved 1048576K
}
Event: 41.453 GC heap before
{Heap before GC invocations=29 (full 7):
 PSYoungGen      total 555520K, used 503510K [0x00000000d5580000, 0x0000000100000000, 0x0000000100000000)
  eden space 422400K, 100% used [0x00000000d5580000,0x00000000ef200000,0x00000000ef200000)
  from space 133120K, 60% used [0x00000000f7e00000,0x00000000fcd35b18,0x0000000100000000)
  to   space 138240K, 0% used [0x00000000ef200000,0x00000000ef200000,0x00000000f7900000)
 ParOldGen       total 785408K, used 654668K [0x0000000080000000, 0x00000000aff00000, 0x00000000d5580000)
  object space 785408K, 83% used [0x0000000080000000,0x00000000a7f53190,0x00000000aff00000)
 Metaspace       used 6589K, capacity 7280K, committed 7552K, reserved 1056768K
  class space    used 598K, capacity 616K, committed 640K, reserved 1048576K
Event: 42.085 GC heap after
Heap after GC invocations=29 (full 7):
 PSYoungGen      total 465920K, used 43301K [0x00000000d5580000, 0x00000000ff900000, 0x0000000100000000)
  eden space 422400K, 0% used [0x00000000d5580000,0x00000000d5580000,0x00000000ef200000)
  from space 43520K, 99% used [0x00000000ef200000,0x00000000f1c49790,0x00000000f1c80000)
  to   space 132096K, 0% used [0x00000000f7800000,0x00000000f7800000,0x00000000ff900000)
 ParOldGen       total 785408K, used 684459K [0x0000000080000000, 0x00000000aff00000, 0x00000000d5580000)
  object space 785408K, 87% used [0x0000000080000000,0x00000000a9c6ace8,0x00000000aff00000)
 Metaspace       used 6589K, capacity 7280K, committed 7552K, reserved 1056768K
  class space    used 598K, capacity 616K, committed 640K, reserved 1048576K
}
Event: 43.301 GC heap before
{Heap before GC invocations=30 (full 7):
 PSYoungGen      total 465920K, used 465701K [0x00000000d5580000, 0x00000000ff900000, 0x0000000100000000)
  eden space 422400K, 100% used [0x00000000d5580000,0x00000000ef200000,0x00000000ef200000)
  from space 43520K, 99% used [0x00000000ef200000,0x00000000f1c49790,0x00000000f1c80000)
  to   space 132096K, 0% used [0x00000000f7800000,0x00000000f7800000,0x00000000ff900000)
 ParOldGen       total 785408K, used 684459K [0x0000000080000000, 0x00000000aff00000, 0x00000000d5580000)
  object space 785408K, 87% used [0x0000000080000000,0x00000000a9c6ace8,0x00000000aff00000)
 Metaspace       used 6698K, capacity 7346K, committed 7552K, reserved 1056768K
  class space    used 604K, capacity 618K, committed 640K, reserved 1048576K
Event: 44.033 GC heap after
Heap after GC invocations=30 (full 7):
 PSYoungGen      total 561152K, used 71725K [0x00000000d5580000, 0x0000000100000000, 0x0000000100000000)
  eden space 429056K, 0% used [0x00000000d5580000,0x00000000d5580000,0x00000000ef880000)
  from space 132096K, 54% used [0x00000000f7800000,0x00000000fbe0b670,0x00000000ff900000)
  to   space 130560K, 0% used [0x00000000ef880000,0x00000000ef880000,0x00000000f7800000)
 ParOldGen       total 785408K, used 727332K [0x0000000080000000, 0x00000000aff00000, 0x00000000d5580000)
  object space 785408K, 92% used [0x0000000080000000,0x00000000ac6490c0,0x00000000aff00000)
 Metaspace       used 6698K, capacity 7346K, committed 7552K, reserved 1056768K
  class space    used 604K, capacity 618K, committed 640K, reserved 1048576K
}
Event: 44.034 GC heap before
{Heap before GC invocations=31 (full 8):
 PSYoungGen      total 561152K, used 71725K [0x00000000d5580000, 0x0000000100000000, 0x0000000100000000)
  eden space 429056K, 0% used [0x00000000d5580000,0x00000000d5580000,0x00000000ef880000)
  from space 132096K, 54% used [0x00000000f7800000,0x00000000fbe0b670,0x00000000ff900000)
  to   space 130560K, 0% used [0x00000000ef880000,0x00000000ef880000,0x00000000f7800000)
 ParOldGen       total 785408K, used 727332K [0x0000000080000000, 0x00000000aff00000, 0x00000000d5580000)
  object space 785408K, 92% used [0x0000000080000000,0x00000000ac6490c0,0x00000000aff00000)
 Metaspace       used 6698K, capacity 7346K, committed 7552K, reserved 1056768K
  class space    used 604K, capacity 618K, committed 640K, reserved 1048576K

