# JRE version: OpenJDK Runtime Environment (8.0_76-b03) (build 1.8.0_76-release-b03)
# Java VM: OpenJDK 64-Bit Server VM (25.76-b03 mixed mode linux-amd64 compressed oops)
Heap:
 PSYoungGen      total 436736K, used 113999K [0x00000000d5580000, 0x0000000100000000, 0x0000000100000000)
  eden space 308736K, 0% used [0x00000000d5580000,0x00000000d5580000,0x00000000e8300000)
  from space 128000K, 89% used [0x00000000e8300000,0x00000000ef253d10,0x00000000f0000000)
  to   space 203264K, 0% used [0x00000000f3980000,0x00000000f3980000,0x0000000100000000)
 ParOldGen       total 714752K, used 714384K [0x0000000080000000, 0x00000000aba00000, 0x00000000d5580000)
  object space 714752K, 99% used [0x0000000080000000,0x00000000ab9a4138,0x00000000aba00000)
 Metaspace       used 6706K, capacity 7346K, committed 7552K, reserved 1056768K
  class space    used 604K, capacity 618K, committed 640K, reserved 1048576K
GC Heap History (10 events):
Event: 21.533 GC heap after
Heap after GC invocations=24 (full 6):
 PSYoungGen      total 517632K, used 26988K [0x00000000d5580000, 0x0000000100000000, 0x0000000100000000)
  eden space 408064K, 0% used [0x00000000d5580000,0x00000000d5580000,0x00000000ee400000)
  from space 109568K, 24% used [0x00000000ee400000,0x00000000efe5b2a8,0x00000000f4f00000)
  to   space 111616K, 0% used [0x00000000f9300000,0x00000000f9300000,0x0000000100000000)
 ParOldGen       total 689664K, used 500796K [0x0000000080000000, 0x00000000aa180000, 0x00000000d5580000)
  object space 689664K, 72% used [0x0000000080000000,0x000000009e90f328,0x00000000aa180000)
 Metaspace       used 6586K, capacity 7280K, committed 7552K, reserved 1056768K
  class space    used 596K, capacity 616K, committed 640K, reserved 1048576K
}
Event: 22.551 GC heap before
{Heap before GC invocations=25 (full 6):
 PSYoungGen      total 517632K, used 435052K [0x00000000d5580000, 0x0000000100000000, 0x0000000100000000)
  eden space 408064K, 100% used [0x00000000d5580000,0x00000000ee400000,0x00000000ee400000)
  from space 109568K, 24% used [0x00000000ee400000,0x00000000efe5b2a8,0x00000000f4f00000)
  to   space 111616K, 0% used [0x00000000f9300000,0x00000000f9300000,0x0000000100000000)
 ParOldGen       total 689664K, used 500796K [0x0000000080000000, 0x00000000aa180000, 0x00000000d5580000)
  object space 689664K, 72% used [0x0000000080000000,0x000000009e90f328,0x00000000aa180000)
 Metaspace       used 6596K, capacity 7280K, committed 7552K, reserved 1056768K
  class space    used 597K, capacity 616K, committed 640K, reserved 1048576K
Event: 23.320 GC heap after
Heap after GC invocations=25 (full 6):
 PSYoungGen      total 561664K, used 95699K [0x00000000d5580000, 0x0000000100000000, 0x0000000100000000)
  eden space 450048K, 0% used [0x00000000d5580000,0x00000000d5580000,0x00000000f0d00000)
  from space 111616K, 85% used [0x00000000f9300000,0x00000000ff074e00,0x0000000100000000)
  to   space 124416K, 0% used [0x00000000f0d00000,0x00000000f0d00000,0x00000000f8680000)
 ParOldGen       total 689664K, used 500796K [0x0000000080000000, 0x00000000aa180000, 0x00000000d5580000)
  object space 689664K, 72% used [0x0000000080000000,0x000000009e90f328,0x00000000aa180000)
 Metaspace       used 6596K, capacity 7280K, committed 7552K, reserved 1056768K
  class space    used 597K, capacity 616K, committed 640K, reserved 1048576K
}
Event: 24.409 GC heap before
{Heap before GC invocations=26 (full 6):
 PSYoungGen      total 561664K, used 545747K [0x00000000d5580000, 0x0000000100000000, 0x0000000100000000)
  eden space 450048K, 100% used [0x00000000d5580000,0x00000000f0d00000,0x00000000f0d00000)
  from space 111616K, 85% used [0x00000000f9300000,0x00000000ff074e00,0x0000000100000000)
  to   space 124416K, 0% used [0x00000000f0d00000,0x00000000f0d00000,0x00000000f8680000)
 ParOldGen       total 689664K, used 500796K [0x0000000080000000, 0x00000000aa180000, 0x00000000d5580000)
  object space 689664K, 72% used [0x0000000080000000,0x000000009e90f328,0x00000000aa180000)
 Metaspace       used 6596K, capacity 7280K, committed 7552K, reserved 1056768K
  class space    used 597K, capacity 616K, committed 640K, reserved 1048576K
Event: 24.879 GC heap after
Heap after GC invocations=26 (full 6):
 PSYoungGen      total 574464K, used 124408K [0x00000000d5580000, 0x0000000100000000, 0x0000000100000000)
  eden space 450048K, 0% used [0x00000000d5580000,0x00000000d5580000,0x00000000f0d00000)
  from space 124416K, 99% used [0x00000000f0d00000,0x00000000f867e258,0x00000000f8680000)
  to   space 124416K, 0% used [0x00000000f8680000,0x00000000f8680000,0x0000000100000000)
 ParOldGen       total 689664K, used 534595K [0x0000000080000000, 0x00000000aa180000, 0x00000000d5580000)
  object space 689664K, 77% used [0x0000000080000000,0x00000000a0a10ef8,0x00000000aa180000)
 Metaspace       used 6596K, capacity 7280K, committed 7552K, reserved 1056768K
  class space    used 597K, capacity 616K, committed 640K, reserved 1048576K
}
Event: 26.874 GC heap before
{Heap before GC invocations=27 (full 6):
 PSYoungGen      total 574464K, used 574456K [0x00000000d5580000, 0x0000000100000000, 0x0000000100000000)
  eden space 450048K, 100% used [0x00000000d5580000,0x00000000f0d00000,0x00000000f0d00000)
  from space 124416K, 99% used [0x00000000f0d00000,0x00000000f867e258,0x00000000f8680000)
  to   space 124416K, 0% used [0x00000000f8680000,0x00000000f8680000,0x0000000100000000)
 ParOldGen       total 689664K, used 534595K [0x0000000080000000, 0x00000000aa180000, 0x00000000d5580000)
  object space 689664K, 77% used [0x0000000080000000,0x00000000a0a10ef8,0x00000000aa180000)
 Metaspace       used 6678K, capacity 7344K, committed 7552K, reserved 1056768K
  class space    used 601K, capacity 616K, committed 640K, reserved 1048576K
Event: 27.794 GC heap after
Heap after GC invocations=27 (full 6):
 PSYoungGen      total 433152K, used 124399K [0x00000000d5580000, 0x0000000100000000, 0x0000000100000000)
  eden space 308736K, 0% used [0x00000000d5580000,0x00000000d5580000,0x00000000e8300000)
  from space 124416K, 99% used [0x00000000f8680000,0x00000000ffffbe40,0x0000000100000000)
  to   space 195072K, 0% used [0x00000000e8300000,0x00000000e8300000,0x00000000f4180000)
 ParOldGen       total 689664K, used 597453K [0x0000000080000000, 0x00000000aa180000, 0x00000000d5580000)
  object space 689664K, 86% used [0x0000000080000000,0x00000000a4773640,0x00000000aa180000)
 Metaspace       used 6678K, capacity 7344K, committed 7552K, reserved 1056768K
  class space    used 601K, capacity 616K, committed 640K, reserved 1048576K
}
Event: 28.526 GC heap before
{Heap before GC invocations=28 (full 6):
 PSYoungGen      total 433152K, used 433135K [0x00000000d5580000, 0x0000000100000000, 0x0000000100000000)
  eden space 308736K, 100% used [0x00000000d5580000,0x00000000e8300000,0x00000000e8300000)
  from space 124416K, 99% used [0x00000000f8680000,0x00000000ffffbe40,0x0000000100000000)
  to   space 195072K, 0% used [0x00000000e8300000,0x00000000e8300000,0x00000000f4180000)
 ParOldGen       total 689664K, used 597453K [0x0000000080000000, 0x00000000aa180000, 0x00000000d5580000)
  object space 689664K, 86% used [0x0000000080000000,0x00000000a4773640,0x00000000aa180000)
 Metaspace       used 6706K, capacity 7346K, committed 7552K, reserved 1056768K
  class space    used 604K, capacity 618K, committed 640K, reserved 1048576K
Event: 29.963 GC heap after
Heap after GC invocations=28 (full 6):
 PSYoungGen      total 436736K, used 127544K [0x00000000d5580000, 0x0000000100000000, 0x0000000100000000)
  eden space 308736K, 0% used [0x00000000d5580000,0x00000000d5580000,0x00000000e8300000)
  from space 128000K, 99% used [0x00000000e8300000,0x00000000eff8e1a0,0x00000000f0000000)
  to   space 203264K, 0% used [0x00000000f3980000,0x00000000f3980000,0x0000000100000000)
 ParOldGen       total 714752K, used 714604K [0x0000000080000000, 0x00000000aba00000, 0x00000000d5580000)
  object space 714752K, 99% used [0x0000000080000000,0x00000000ab9db1f0,0x00000000aba00000)
 Metaspace       used 6706K, capacity 7346K, committed 7552K, reserved 1056768K
  class space    used 604K, capacity 618K, committed 640K, reserved 1048576K
}
Event: 29.963 GC heap before
{Heap before GC invocations=29 (full 7):
 PSYoungGen      total 436736K, used 127544K [0x00000000d5580000, 0x0000000100000000, 0x0000000100000000)
  eden space 308736K, 0% used [0x00000000d5580000,0x00000000d5580000,0x00000000e8300000)
  from space 128000K, 99% used [0x00000000e8300000,0x00000000eff8e1a0,0x00000000f0000000)
  to   space 203264K, 0% used [0x00000000f3980000,0x00000000f3980000,0x0000000100000000)
 ParOldGen       total 714752K, used 714604K [0x0000000080000000, 0x00000000aba00000, 0x00000000d5580000)
  object space 714752K, 99% used [0x0000000080000000,0x00000000ab9db1f0,0x00000000aba00000)
 Metaspace       used 6706K, capacity 7346K, committed 7552K, reserved 1056768K
  class space    used 604K, capacity 618K, committed 640K, reserved 1048576K

