# JRE version: OpenJDK Runtime Environment (8.0_76-b03) (build 1.8.0_76-release-b03)
# Java VM: OpenJDK 64-Bit Server VM (25.76-b03 mixed mode linux-amd64 compressed oops)
Heap:
 PSYoungGen      total 510464K, used 125529K [0x00000000d5580000, 0x0000000100000000, 0x0000000100000000)
  eden space 339456K, 0% used [0x00000000d5580000,0x00000000d5580000,0x00000000ea100000)
  from space 171008K, 73% used [0x00000000ea100000,0x00000000f1b965a0,0x00000000f4800000)
  to   space 188416K, 0% used [0x00000000f4800000,0x00000000f4800000,0x0000000100000000)
 ParOldGen       total 690176K, used 689794K [0x0000000080000000, 0x00000000aa200000, 0x00000000d5580000)
  object space 690176K, 99% used [0x0000000080000000,0x00000000aa1a08d8,0x00000000aa200000)
 Metaspace       used 6567K, capacity 7280K, committed 7552K, reserved 1056768K
  class space    used 598K, capacity 616K, committed 640K, reserved 1048576K
GC Heap History (10 events):
Event: 25.151 GC heap after
Heap after GC invocations=24 (full 5):
 PSYoungGen      total 523776K, used 122863K [0x00000000d5580000, 0x0000000100000000, 0x0000000100000000)
  eden space 400896K, 0% used [0x00000000d5580000,0x00000000d5580000,0x00000000edd00000)
  from space 122880K, 99% used [0x00000000f8800000,0x00000000ffffbdc0,0x0000000100000000)
  to   space 148992K, 0% used [0x00000000edd00000,0x00000000edd00000,0x00000000f6e80000)
 ParOldGen       total 517632K, used 459698K [0x0000000080000000, 0x000000009f980000, 0x00000000d5580000)
  object space 517632K, 88% used [0x0000000080000000,0x000000009c0ecb00,0x000000009f980000)
 Metaspace       used 6566K, capacity 7280K, committed 7552K, reserved 1056768K
  class space    used 598K, capacity 616K, committed 640K, reserved 1048576K
}
Event: 25.151 GC heap before
{Heap before GC invocations=25 (full 6):
 PSYoungGen      total 523776K, used 122863K [0x00000000d5580000, 0x0000000100000000, 0x0000000100000000)
  eden space 400896K, 0% used [0x00000000d5580000,0x00000000d5580000,0x00000000edd00000)
  from space 122880K, 99% used [0x00000000f8800000,0x00000000ffffbdc0,0x0000000100000000)
  to   space 148992K, 0% used [0x00000000edd00000,0x00000000edd00000,0x00000000f6e80000)
 ParOldGen       total 517632K, used 459698K [0x0000000080000000, 0x000000009f980000, 0x00000000d5580000)
  object space 517632K, 88% used [0x0000000080000000,0x000000009c0ecb00,0x000000009f980000)
 Metaspace       used 6566K, capacity 7280K, committed 7552K, reserved 1056768K
  class space    used 598K, capacity 616K, committed 640K, reserved 1048576K
Event: 27.799 GC heap after
Heap after GC invocations=25 (full 6):
 PSYoungGen      total 523776K, used 63304K [0x00000000d5580000, 0x0000000100000000, 0x0000000100000000)
  eden space 400896K, 0% used [0x00000000d5580000,0x00000000d5580000,0x00000000edd00000)
  from space 122880K, 51% used [0x00000000f8800000,0x00000000fc5d2100,0x0000000100000000)
  to   space 148992K, 0% used [0x00000000edd00000,0x00000000edd00000,0x00000000f6e80000)
 ParOldGen       total 690176K, used 517461K [0x0000000080000000, 0x00000000aa200000, 0x00000000d5580000)
  object space 690176K, 74% used [0x0000000080000000,0x000000009f955528,0x00000000aa200000)
 Metaspace       used 6566K, capacity 7280K, committed 7552K, reserved 1056768K
  class space    used 598K, capacity 616K, committed 640K, reserved 1048576K
}
Event: 29.098 GC heap before
{Heap before GC invocations=26 (full 6):
 PSYoungGen      total 523776K, used 464200K [0x00000000d5580000, 0x0000000100000000, 0x0000000100000000)
  eden space 400896K, 100% used [0x00000000d5580000,0x00000000edd00000,0x00000000edd00000)
  from space 122880K, 51% used [0x00000000f8800000,0x00000000fc5d2100,0x0000000100000000)
  to   space 148992K, 0% used [0x00000000edd00000,0x00000000edd00000,0x00000000f6e80000)
 ParOldGen       total 690176K, used 517461K [0x0000000080000000, 0x00000000aa200000, 0x00000000d5580000)
  object space 690176K, 74% used [0x0000000080000000,0x000000009f955528,0x00000000aa200000)
 Metaspace       used 6566K, capacity 7280K, committed 7552K, reserved 1056768K
  class space    used 598K, capacity 616K, committed 640K, reserved 1048576K
Event: 30.512 GC heap after
Heap after GC invocations=26 (full 6):
 PSYoungGen      total 490496K, used 89256K [0x00000000d5580000, 0x0000000100000000, 0x0000000100000000)
  eden space 400896K, 0% used [0x00000000d5580000,0x00000000d5580000,0x00000000edd00000)
  from space 89600K, 99% used [0x00000000edd00000,0x00000000f342a240,0x00000000f3480000)
  to   space 152064K, 0% used [0x00000000f6b80000,0x00000000f6b80000,0x0000000100000000)
 ParOldGen       total 690176K, used 581278K [0x0000000080000000, 0x00000000aa200000, 0x00000000d5580000)
  object space 690176K, 84% used [0x0000000080000000,0x00000000a37a79e8,0x00000000aa200000)
 Metaspace       used 6566K, capacity 7280K, committed 7552K, reserved 1056768K
  class space    used 598K, capacity 616K, committed 640K, reserved 1048576K
}
Event: 31.226 GC heap before
{Heap before GC invocations=27 (full 6):
 PSYoungGen      total 490496K, used 490152K [0x00000000d5580000, 0x0000000100000000, 0x0000000100000000)
  eden space 400896K, 100% used [0x00000000d5580000,0x00000000edd00000,0x00000000edd00000)
  from space 89600K, 99% used [0x00000000edd00000,0x00000000f342a240,0x00000000f3480000)
  to   space 152064K, 0% used [0x00000000f6b80000,0x00000000f6b80000,0x0000000100000000)
 ParOldGen       total 690176K, used 581278K [0x0000000080000000, 0x00000000aa200000, 0x00000000d5580000)
  object space 690176K, 84% used [0x0000000080000000,0x00000000a37a79e8,0x00000000aa200000)
 Metaspace       used 6567K, capacity 7280K, committed 7552K, reserved 1056768K
  class space    used 598K, capacity 616K, committed 640K, reserved 1048576K
Event: 31.386 GC heap after
Heap after GC invocations=27 (full 6):
 PSYoungGen      total 491520K, used 152053K [0x00000000d5580000, 0x0000000100000000, 0x0000000100000000)
  eden space 339456K, 0% used [0x00000000d5580000,0x00000000d5580000,0x00000000ea100000)
  from space 152064K, 99% used [0x00000000f6b80000,0x00000000ffffd7c0,0x0000000100000000)
  to   space 179712K, 0% used [0x00000000ea100000,0x00000000ea100000,0x00000000f5080000)
 ParOldGen       total 690176K, used 587940K [0x0000000080000000, 0x00000000aa200000, 0x00000000d5580000)
  object space 690176K, 85% used [0x0000000080000000,0x00000000a3e291e8,0x00000000aa200000)
 Metaspace       used 6567K, capacity 7280K, committed 7552K, reserved 1056768K
  class space    used 598K, capacity 616K, committed 640K, reserved 1048576K
}
Event: 32.500 GC heap before
{Heap before GC invocations=28 (full 6):
 PSYoungGen      total 491520K, used 491509K [0x00000000d5580000, 0x0000000100000000, 0x0000000100000000)
  eden space 339456K, 100% used [0x00000000d5580000,0x00000000ea100000,0x00000000ea100000)
  from space 152064K, 99% used [0x00000000f6b80000,0x00000000ffffd7c0,0x0000000100000000)
  to   space 179712K, 0% used [0x00000000ea100000,0x00000000ea100000,0x00000000f5080000)
 ParOldGen       total 690176K, used 587940K [0x0000000080000000, 0x00000000aa200000, 0x00000000d5580000)
  object space 690176K, 85% used [0x0000000080000000,0x00000000a3e291e8,0x00000000aa200000)
 Metaspace       used 6567K, capacity 7280K, committed 7552K, reserved 1056768K
  class space    used 598K, capacity 616K, committed 640K, reserved 1048576K
Event: 33.968 GC heap after
Heap after GC invocations=28 (full 6):
 PSYoungGen      total 510464K, used 170520K [0x00000000d5580000, 0x0000000100000000, 0x0000000100000000)
  eden space 339456K, 0% used [0x00000000d5580000,0x00000000d5580000,0x00000000ea100000)
  from space 171008K, 99% used [0x00000000ea100000,0x00000000f4786158,0x00000000f4800000)
  to   space 188416K, 0% used [0x00000000f4800000,0x00000000f4800000,0x0000000100000000)
 ParOldGen       total 690176K, used 651083K [0x0000000080000000, 0x00000000aa200000, 0x00000000d5580000)
  object space 690176K, 94% used [0x0000000080000000,0x00000000a7bd2ec0,0x00000000aa200000)
 Metaspace       used 6567K, capacity 7280K, committed 7552K, reserved 1056768K
  class space    used 598K, capacity 616K, committed 640K, reserved 1048576K
}
Event: 33.968 GC heap before
{Heap before GC invocations=29 (full 7):
 PSYoungGen      total 510464K, used 170520K [0x00000000d5580000, 0x0000000100000000, 0x0000000100000000)
  eden space 339456K, 0% used [0x00000000d5580000,0x00000000d5580000,0x00000000ea100000)
  from space 171008K, 99% used [0x00000000ea100000,0x00000000f4786158,0x00000000f4800000)
  to   space 188416K, 0% used [0x00000000f4800000,0x00000000f4800000,0x0000000100000000)
 ParOldGen       total 690176K, used 651083K [0x0000000080000000, 0x00000000aa200000, 0x00000000d5580000)
  object space 690176K, 94% used [0x0000000080000000,0x00000000a7bd2ec0,0x00000000aa200000)
 Metaspace       used 6567K, capacity 7280K, committed 7552K, reserved 1056768K
  class space    used 598K, capacity 616K, committed 640K, reserved 1048576K

