# JRE version: OpenJDK Runtime Environment (8.0_76-b03) (build 1.8.0_76-release-b03)
# Java VM: OpenJDK 64-Bit Server VM (25.76-b03 mixed mode linux-amd64 compressed oops)
Heap:
 PSYoungGen      total 404480K, used 0K [0x00000000d5580000, 0x0000000100000000, 0x0000000100000000)
  eden space 232960K, 0% used [0x00000000d5580000,0x00000000d5580000,0x00000000e3900000)
  from space 171520K, 0% used [0x00000000f5880000,0x00000000f5880000,0x0000000100000000)
  to   space 232960K, 0% used [0x00000000e3900000,0x00000000e3900000,0x00000000f1c80000)
 ParOldGen       total 809984K, used 787609K [0x0000000080000000, 0x00000000b1700000, 0x00000000d5580000)
  object space 809984K, 97% used [0x0000000080000000,0x00000000b01267d0,0x00000000b1700000)
 Metaspace       used 6712K, capacity 7346K, committed 7552K, reserved 1056768K
  class space    used 604K, capacity 618K, committed 640K, reserved 1048576K
GC Heap History (10 events):
Event: 22.788 GC heap after
Heap after GC invocations=26 (full 5):
 PSYoungGen      total 519168K, used 130227K [0x00000000d5580000, 0x0000000100000000, 0x0000000100000000)
  eden space 388608K, 0% used [0x00000000d5580000,0x00000000d5580000,0x00000000ed100000)
  from space 130560K, 99% used [0x00000000ed100000,0x00000000f502cc98,0x00000000f5080000)
  to   space 171520K, 0% used [0x00000000f5880000,0x00000000f5880000,0x0000000100000000)
 ParOldGen       total 590848K, used 537455K [0x0000000080000000, 0x00000000a4100000, 0x00000000d5580000)
  object space 590848K, 90% used [0x0000000080000000,0x00000000a0cdbea8,0x00000000a4100000)
 Metaspace       used 6602K, capacity 7280K, committed 7552K, reserved 1056768K
  class space    used 598K, capacity 616K, committed 640K, reserved 1048576K
}
Event: 22.790 GC heap before
{Heap before GC invocations=27 (full 6):
 PSYoungGen      total 519168K, used 130227K [0x00000000d5580000, 0x0000000100000000, 0x0000000100000000)
  eden space 388608K, 0% used [0x00000000d5580000,0x00000000d5580000,0x00000000ed100000)
  from space 130560K, 99% used [0x00000000ed100000,0x00000000f502cc98,0x00000000f5080000)
  to   space 171520K, 0% used [0x00000000f5880000,0x00000000f5880000,0x0000000100000000)
 ParOldGen       total 590848K, used 537455K [0x0000000080000000, 0x00000000a4100000, 0x00000000d5580000)
  object space 590848K, 90% used [0x0000000080000000,0x00000000a0cdbea8,0x00000000a4100000)
 Metaspace       used 6602K, capacity 7280K, committed 7552K, reserved 1056768K
  class space    used 598K, capacity 616K, committed 640K, reserved 1048576K
Event: 26.019 GC heap after
Heap after GC invocations=27 (full 6):
 PSYoungGen      total 519168K, used 71412K [0x00000000d5580000, 0x0000000100000000, 0x0000000100000000)
  eden space 388608K, 0% used [0x00000000d5580000,0x00000000d5580000,0x00000000ed100000)
  from space 130560K, 54% used [0x00000000ed100000,0x00000000f16bd130,0x00000000f5080000)
  to   space 171520K, 0% used [0x00000000f5880000,0x00000000f5880000,0x0000000100000000)
 ParOldGen       total 809984K, used 590768K [0x0000000080000000, 0x00000000b1700000, 0x00000000d5580000)
  object space 809984K, 72% used [0x0000000080000000,0x00000000a40ec300,0x00000000b1700000)
 Metaspace       used 6602K, capacity 7280K, committed 7552K, reserved 1056768K
  class space    used 598K, capacity 616K, committed 640K, reserved 1048576K
}
Event: 27.907 GC heap before
{Heap before GC invocations=28 (full 6):
 PSYoungGen      total 519168K, used 460020K [0x00000000d5580000, 0x0000000100000000, 0x0000000100000000)
  eden space 388608K, 100% used [0x00000000d5580000,0x00000000ed100000,0x00000000ed100000)
  from space 130560K, 54% used [0x00000000ed100000,0x00000000f16bd130,0x00000000f5080000)
  to   space 171520K, 0% used [0x00000000f5880000,0x00000000f5880000,0x0000000100000000)
 ParOldGen       total 809984K, used 590768K [0x0000000080000000, 0x00000000b1700000, 0x00000000d5580000)
  object space 809984K, 72% used [0x0000000080000000,0x00000000a40ec300,0x00000000b1700000)
 Metaspace       used 6672K, capacity 7344K, committed 7552K, reserved 1056768K
  class space    used 601K, capacity 616K, committed 640K, reserved 1048576K
Event: 28.176 GC heap after
Heap after GC invocations=28 (full 6):
 PSYoungGen      total 527360K, used 94737K [0x00000000d5580000, 0x0000000100000000, 0x0000000100000000)
  eden space 355840K, 0% used [0x00000000d5580000,0x00000000d5580000,0x00000000eb100000)
  from space 171520K, 55% used [0x00000000f5880000,0x00000000fb504518,0x0000000100000000)
  to   space 171520K, 0% used [0x00000000eb100000,0x00000000eb100000,0x00000000f5880000)
 ParOldGen       total 809984K, used 611241K [0x0000000080000000, 0x00000000b1700000, 0x00000000d5580000)
  object space 809984K, 75% used [0x0000000080000000,0x00000000a54ea590,0x00000000b1700000)
 Metaspace       used 6672K, capacity 7344K, committed 7552K, reserved 1056768K
  class space    used 601K, capacity 616K, committed 640K, reserved 1048576K
}
Event: 29.351 GC heap before
{Heap before GC invocations=29 (full 6):
 PSYoungGen      total 527360K, used 450577K [0x00000000d5580000, 0x0000000100000000, 0x0000000100000000)
  eden space 355840K, 100% used [0x00000000d5580000,0x00000000eb100000,0x00000000eb100000)
  from space 171520K, 55% used [0x00000000f5880000,0x00000000fb504518,0x0000000100000000)
  to   space 171520K, 0% used [0x00000000eb100000,0x00000000eb100000,0x00000000f5880000)
 ParOldGen       total 809984K, used 611241K [0x0000000080000000, 0x00000000b1700000, 0x00000000d5580000)
  object space 809984K, 75% used [0x0000000080000000,0x00000000a54ea590,0x00000000b1700000)
 Metaspace       used 6710K, capacity 7346K, committed 7552K, reserved 1056768K
  class space    used 604K, capacity 618K, committed 640K, reserved 1048576K
Event: 30.542 GC heap after
Heap after GC invocations=29 (full 6):
 PSYoungGen      total 527360K, used 171495K [0x00000000d5580000, 0x0000000100000000, 0x0000000100000000)
  eden space 355840K, 0% used [0x00000000d5580000,0x00000000d5580000,0x00000000eb100000)
  from space 171520K, 99% used [0x00000000eb100000,0x00000000f5879d00,0x00000000f5880000)
  to   space 171520K, 0% used [0x00000000f5880000,0x00000000f5880000,0x0000000100000000)
 ParOldGen       total 809984K, used 680999K [0x0000000080000000, 0x00000000b1700000, 0x00000000d5580000)
  object space 809984K, 84% used [0x0000000080000000,0x00000000a9909e68,0x00000000b1700000)
 Metaspace       used 6710K, capacity 7346K, committed 7552K, reserved 1056768K
  class space    used 604K, capacity 618K, committed 640K, reserved 1048576K
}
Event: 31.675 GC heap before
{Heap before GC invocations=30 (full 6):
 PSYoungGen      total 527360K, used 527335K [0x00000000d5580000, 0x0000000100000000, 0x0000000100000000)
  eden space 355840K, 100% used [0x00000000d5580000,0x00000000eb100000,0x00000000eb100000)
  from space 171520K, 99% used [0x00000000eb100000,0x00000000f5879d00,0x00000000f5880000)
  to   space 171520K, 0% used [0x00000000f5880000,0x00000000f5880000,0x0000000100000000)
 ParOldGen       total 809984K, used 680999K [0x0000000080000000, 0x00000000b1700000, 0x00000000d5580000)
  object space 809984K, 84% used [0x0000000080000000,0x00000000a9909e68,0x00000000b1700000)
 Metaspace       used 6712K, capacity 7346K, committed 7552K, reserved 1056768K
  class space    used 604K, capacity 618K, committed 640K, reserved 1048576K
Event: 32.018 GC heap after
Heap after GC invocations=30 (full 6):
 PSYoungGen      total 404480K, used 152086K [0x00000000d5580000, 0x0000000100000000, 0x0000000100000000)
  eden space 232960K, 0% used [0x00000000d5580000,0x00000000d5580000,0x00000000e3900000)
  from space 171520K, 88% used [0x00000000f5880000,0x00000000fed059e8,0x0000000100000000)
  to   space 232960K, 0% used [0x00000000e3900000,0x00000000e3900000,0x00000000f1c80000)
 ParOldGen       total 809984K, used 762306K [0x0000000080000000, 0x00000000b1700000, 0x00000000d5580000)
  object space 809984K, 94% used [0x0000000080000000,0x00000000ae870ac8,0x00000000b1700000)
 Metaspace       used 6712K, capacity 7346K, committed 7552K, reserved 1056768K
  class space    used 604K, capacity 618K, committed 640K, reserved 1048576K
}
Event: 32.025 GC heap before
{Heap before GC invocations=31 (full 7):
 PSYoungGen      total 404480K, used 152086K [0x00000000d5580000, 0x0000000100000000, 0x0000000100000000)
  eden space 232960K, 0% used [0x00000000d5580000,0x00000000d5580000,0x00000000e3900000)
  from space 171520K, 88% used [0x00000000f5880000,0x00000000fed059e8,0x0000000100000000)
  to   space 232960K, 0% used [0x00000000e3900000,0x00000000e3900000,0x00000000f1c80000)
 ParOldGen       total 809984K, used 762306K [0x0000000080000000, 0x00000000b1700000, 0x00000000d5580000)
  object space 809984K, 94% used [0x0000000080000000,0x00000000ae870ac8,0x00000000b1700000)
 Metaspace       used 6712K, capacity 7346K, committed 7552K, reserved 1056768K
  class space    used 604K, capacity 618K, committed 640K, reserved 1048576K

