# JRE version: OpenJDK Runtime Environment (8.0_76-b03) (build 1.8.0_76-release-b03)
# Java VM: OpenJDK 64-Bit Server VM (25.76-b03 mixed mode linux-amd64 compressed oops)
Heap:
 PSYoungGen      total 484864K, used 88363K [0x00000000d5580000, 0x0000000100000000, 0x0000000100000000)
  eden space 338432K, 0% used [0x00000000d5580000,0x00000000d5580000,0x00000000ea000000)
  from space 146432K, 60% used [0x00000000f7100000,0x00000000fc74ae10,0x0000000100000000)
  to   space 180224K, 0% used [0x00000000ea000000,0x00000000ea000000,0x00000000f5000000)
 ParOldGen       total 616960K, used 616715K [0x0000000080000000, 0x00000000a5a80000, 0x00000000d5580000)
  object space 616960K, 99% used [0x0000000080000000,0x00000000a5a42f68,0x00000000a5a80000)
 Metaspace       used 6573K, capacity 7280K, committed 7552K, reserved 1056768K
  class space    used 597K, capacity 616K, committed 640K, reserved 1048576K
GC Heap History (10 events):
Event: 18.329 GC heap after
Heap after GC invocations=23 (full 5):
 PSYoungGen      total 536576K, used 57580K [0x00000000d5580000, 0x00000000fce00000, 0x0000000100000000)
  eden space 441856K, 0% used [0x00000000d5580000,0x00000000d5580000,0x00000000f0500000)
  from space 94720K, 60% used [0x00000000f7180000,0x00000000fa9bb138,0x00000000fce00000)
  to   space 102912K, 0% used [0x00000000f0500000,0x00000000f0500000,0x00000000f6980000)
 ParOldGen       total 590336K, used 399608K [0x0000000080000000, 0x00000000a4080000, 0x00000000d5580000)
  object space 590336K, 67% used [0x0000000080000000,0x000000009863e020,0x00000000a4080000)
 Metaspace       used 6561K, capacity 7280K, committed 7552K, reserved 1056768K
  class space    used 596K, capacity 616K, committed 640K, reserved 1048576K
}
Event: 19.694 GC heap before
{Heap before GC invocations=24 (full 5):
 PSYoungGen      total 536576K, used 499436K [0x00000000d5580000, 0x00000000fce00000, 0x0000000100000000)
  eden space 441856K, 100% used [0x00000000d5580000,0x00000000f0500000,0x00000000f0500000)
  from space 94720K, 60% used [0x00000000f7180000,0x00000000fa9bb138,0x00000000fce00000)
  to   space 102912K, 0% used [0x00000000f0500000,0x00000000f0500000,0x00000000f6980000)
 ParOldGen       total 590336K, used 399608K [0x0000000080000000, 0x00000000a4080000, 0x00000000d5580000)
  object space 590336K, 67% used [0x0000000080000000,0x000000009863e020,0x00000000a4080000)
 Metaspace       used 6561K, capacity 7280K, committed 7552K, reserved 1056768K
  class space    used 596K, capacity 616K, committed 640K, reserved 1048576K
Event: 19.964 GC heap after
Heap after GC invocations=24 (full 5):
 PSYoungGen      total 544768K, used 102883K [0x00000000d5580000, 0x0000000100000000, 0x0000000100000000)
  eden space 441856K, 0% used [0x00000000d5580000,0x00000000d5580000,0x00000000f0500000)
  from space 102912K, 99% used [0x00000000f0500000,0x00000000f6978ce8,0x00000000f6980000)
  to   space 126464K, 0% used [0x00000000f8480000,0x00000000f8480000,0x0000000100000000)
 ParOldGen       total 590336K, used 417821K [0x0000000080000000, 0x00000000a4080000, 0x00000000d5580000)
  object space 590336K, 70% used [0x0000000080000000,0x00000000998075c8,0x00000000a4080000)
 Metaspace       used 6561K, capacity 7280K, committed 7552K, reserved 1056768K
  class space    used 596K, capacity 616K, committed 640K, reserved 1048576K
}
Event: 21.264 GC heap before
{Heap before GC invocations=25 (full 5):
 PSYoungGen      total 544768K, used 544739K [0x00000000d5580000, 0x0000000100000000, 0x0000000100000000)
  eden space 441856K, 100% used [0x00000000d5580000,0x00000000f0500000,0x00000000f0500000)
  from space 102912K, 99% used [0x00000000f0500000,0x00000000f6978ce8,0x00000000f6980000)
  to   space 126464K, 0% used [0x00000000f8480000,0x00000000f8480000,0x0000000100000000)
 ParOldGen       total 590336K, used 417821K [0x0000000080000000, 0x00000000a4080000, 0x00000000d5580000)
  object space 590336K, 70% used [0x0000000080000000,0x00000000998075c8,0x00000000a4080000)
 Metaspace       used 6562K, capacity 7280K, committed 7552K, reserved 1056768K
  class space    used 596K, capacity 616K, committed 640K, reserved 1048576K
Event: 22.966 GC heap after
Heap after GC invocations=25 (full 5):
 PSYoungGen      total 532480K, used 125262K [0x00000000d5580000, 0x0000000100000000, 0x0000000100000000)
  eden space 406016K, 0% used [0x00000000d5580000,0x00000000d5580000,0x00000000ee200000)
  from space 126464K, 99% used [0x00000000f8480000,0x00000000ffed39c0,0x0000000100000000)
  to   space 146432K, 0% used [0x00000000ee200000,0x00000000ee200000,0x00000000f7100000)
 ParOldGen       total 590336K, used 464854K [0x0000000080000000, 0x00000000a4080000, 0x00000000d5580000)
  object space 590336K, 78% used [0x0000000080000000,0x000000009c5f5960,0x00000000a4080000)
 Metaspace       used 6562K, capacity 7280K, committed 7552K, reserved 1056768K
  class space    used 596K, capacity 616K, committed 640K, reserved 1048576K
}
Event: 24.140 GC heap before
{Heap before GC invocations=26 (full 5):
 PSYoungGen      total 532480K, used 531278K [0x00000000d5580000, 0x0000000100000000, 0x0000000100000000)
  eden space 406016K, 100% used [0x00000000d5580000,0x00000000ee200000,0x00000000ee200000)
  from space 126464K, 99% used [0x00000000f8480000,0x00000000ffed39c0,0x0000000100000000)
  to   space 146432K, 0% used [0x00000000ee200000,0x00000000ee200000,0x00000000f7100000)
 ParOldGen       total 590336K, used 464854K [0x0000000080000000, 0x00000000a4080000, 0x00000000d5580000)
  object space 590336K, 78% used [0x0000000080000000,0x000000009c5f5960,0x00000000a4080000)
 Metaspace       used 6572K, capacity 7280K, committed 7552K, reserved 1056768K
  class space    used 597K, capacity 616K, committed 640K, reserved 1048576K
Event: 24.656 GC heap after
Heap after GC invocations=26 (full 5):
 PSYoungGen      total 552448K, used 146417K [0x00000000d5580000, 0x0000000100000000, 0x0000000100000000)
  eden space 406016K, 0% used [0x00000000d5580000,0x00000000d5580000,0x00000000ee200000)
  from space 146432K, 99% used [0x00000000ee200000,0x00000000f70fc480,0x00000000f7100000)
  to   space 146432K, 0% used [0x00000000f7100000,0x00000000f7100000,0x0000000100000000)
 ParOldGen       total 590336K, used 498844K [0x0000000080000000, 0x00000000a4080000, 0x00000000d5580000)
  object space 590336K, 84% used [0x0000000080000000,0x000000009e727168,0x00000000a4080000)
 Metaspace       used 6572K, capacity 7280K, committed 7552K, reserved 1056768K
  class space    used 597K, capacity 616K, committed 640K, reserved 1048576K
}
Event: 27.126 GC heap before
{Heap before GC invocations=27 (full 5):
 PSYoungGen      total 552448K, used 552433K [0x00000000d5580000, 0x0000000100000000, 0x0000000100000000)
  eden space 406016K, 100% used [0x00000000d5580000,0x00000000ee200000,0x00000000ee200000)
  from space 146432K, 99% used [0x00000000ee200000,0x00000000f70fc480,0x00000000f7100000)
  to   space 146432K, 0% used [0x00000000f7100000,0x00000000f7100000,0x0000000100000000)
 ParOldGen       total 590336K, used 498844K [0x0000000080000000, 0x00000000a4080000, 0x00000000d5580000)
  object space 590336K, 84% used [0x0000000080000000,0x000000009e727168,0x00000000a4080000)
 Metaspace       used 6573K, capacity 7280K, committed 7552K, reserved 1056768K
  class space    used 597K, capacity 616K, committed 640K, reserved 1048576K
Event: 28.679 GC heap after
Heap after GC invocations=27 (full 5):
 PSYoungGen      total 484864K, used 92365K [0x00000000d5580000, 0x0000000100000000, 0x0000000100000000)
  eden space 338432K, 0% used [0x00000000d5580000,0x00000000d5580000,0x00000000ea000000)
  from space 146432K, 63% used [0x00000000f7100000,0x00000000fcb334c0,0x0000000100000000)
  to   space 180224K, 0% used [0x00000000ea000000,0x00000000ea000000,0x00000000f5000000)
 ParOldGen       total 616960K, used 616954K [0x0000000080000000, 0x00000000a5a80000, 0x00000000d5580000)
  object space 616960K, 99% used [0x0000000080000000,0x00000000a5a7e9a8,0x00000000a5a80000)
 Metaspace       used 6573K, capacity 7280K, committed 7552K, reserved 1056768K
  class space    used 597K, capacity 616K, committed 640K, reserved 1048576K
}
Event: 28.679 GC heap before
{Heap before GC invocations=28 (full 6):
 PSYoungGen      total 484864K, used 92365K [0x00000000d5580000, 0x0000000100000000, 0x0000000100000000)
  eden space 338432K, 0% used [0x00000000d5580000,0x00000000d5580000,0x00000000ea000000)
  from space 146432K, 63% used [0x00000000f7100000,0x00000000fcb334c0,0x0000000100000000)
  to   space 180224K, 0% used [0x00000000ea000000,0x00000000ea000000,0x00000000f5000000)
 ParOldGen       total 616960K, used 616954K [0x0000000080000000, 0x00000000a5a80000, 0x00000000d5580000)
  object space 616960K, 99% used [0x0000000080000000,0x00000000a5a7e9a8,0x00000000a5a80000)
 Metaspace       used 6573K, capacity 7280K, committed 7552K, reserved 1056768K
  class space    used 597K, capacity 616K, committed 640K, reserved 1048576K

