# JRE version: OpenJDK Runtime Environment (8.0_76-b03) (build 1.8.0_76-release-b03)
# Java VM: OpenJDK 64-Bit Server VM (25.76-b03 mixed mode linux-amd64 compressed oops)
Heap:
 PSYoungGen      total 537600K, used 16269K [0x00000000d5580000, 0x0000000100000000, 0x0000000100000000)
  eden space 415232K, 0% used [0x00000000d5580000,0x00000000d5580000,0x00000000eeb00000)
  from space 122368K, 13% used [0x00000000f8880000,0x00000000f98634f8,0x0000000100000000)
  to   space 141824K, 0% used [0x00000000eeb00000,0x00000000eeb00000,0x00000000f7580000)
 ParOldGen       total 699904K, used 699737K [0x0000000080000000, 0x00000000aab80000, 0x00000000d5580000)
  object space 699904K, 99% used [0x0000000080000000,0x00000000aab56570,0x00000000aab80000)
 Metaspace       used 6679K, capacity 7346K, committed 7552K, reserved 1056768K
  class space    used 604K, capacity 618K, committed 640K, reserved 1048576K
GC Heap History (10 events):
Event: 27.031 GC heap after
Heap after GC invocations=22 (full 5):
 PSYoungGen      total 532992K, used 70610K [0x00000000d5580000, 0x0000000100000000, 0x0000000100000000)
  eden space 462336K, 0% used [0x00000000d5580000,0x00000000d5580000,0x00000000f1900000)
  from space 70656K, 99% used [0x00000000f1900000,0x00000000f5df4b28,0x00000000f5e00000)
  to   space 120832K, 0% used [0x00000000f8a00000,0x00000000f8a00000,0x0000000100000000)
 ParOldGen       total 529408K, used 460446K [0x0000000080000000, 0x00000000a0500000, 0x00000000d5580000)
  object space 529408K, 86% used [0x0000000080000000,0x000000009c1a7920,0x00000000a0500000)
 Metaspace       used 6561K, capacity 7280K, committed 7552K, reserved 1056768K
  class space    used 596K, capacity 616K, committed 640K, reserved 1048576K
}
Event: 27.031 GC heap before
{Heap before GC invocations=23 (full 6):
 PSYoungGen      total 532992K, used 70610K [0x00000000d5580000, 0x0000000100000000, 0x0000000100000000)
  eden space 462336K, 0% used [0x00000000d5580000,0x00000000d5580000,0x00000000f1900000)
  from space 70656K, 99% used [0x00000000f1900000,0x00000000f5df4b28,0x00000000f5e00000)
  to   space 120832K, 0% used [0x00000000f8a00000,0x00000000f8a00000,0x0000000100000000)
 ParOldGen       total 529408K, used 460446K [0x0000000080000000, 0x00000000a0500000, 0x00000000d5580000)
  object space 529408K, 86% used [0x0000000080000000,0x000000009c1a7920,0x00000000a0500000)
 Metaspace       used 6561K, capacity 7280K, committed 7552K, reserved 1056768K
  class space    used 596K, capacity 616K, committed 640K, reserved 1048576K
Event: 29.403 GC heap after
Heap after GC invocations=23 (full 6):
 PSYoungGen      total 532992K, used 426K [0x00000000d5580000, 0x0000000100000000, 0x0000000100000000)
  eden space 462336K, 0% used [0x00000000d5580000,0x00000000d5580000,0x00000000f1900000)
  from space 70656K, 0% used [0x00000000f1900000,0x00000000f196a8d0,0x00000000f5e00000)
  to   space 120832K, 0% used [0x00000000f8a00000,0x00000000f8a00000,0x0000000100000000)
 ParOldGen       total 699904K, used 529073K [0x0000000080000000, 0x00000000aab80000, 0x00000000d5580000)
  object space 699904K, 75% used [0x0000000080000000,0x00000000a04ac450,0x00000000aab80000)
 Metaspace       used 6561K, capacity 7280K, committed 7552K, reserved 1056768K
  class space    used 596K, capacity 616K, committed 640K, reserved 1048576K
}
Event: 30.757 GC heap before
{Heap before GC invocations=24 (full 6):
 PSYoungGen      total 532992K, used 462762K [0x00000000d5580000, 0x0000000100000000, 0x0000000100000000)
  eden space 462336K, 100% used [0x00000000d5580000,0x00000000f1900000,0x00000000f1900000)
  from space 70656K, 0% used [0x00000000f1900000,0x00000000f196a8d0,0x00000000f5e00000)
  to   space 120832K, 0% used [0x00000000f8a00000,0x00000000f8a00000,0x0000000100000000)
 ParOldGen       total 699904K, used 529073K [0x0000000080000000, 0x00000000aab80000, 0x00000000d5580000)
  object space 699904K, 75% used [0x0000000080000000,0x00000000a04ac450,0x00000000aab80000)
 Metaspace       used 6571K, capacity 7280K, committed 7552K, reserved 1056768K
  class space    used 597K, capacity 616K, committed 640K, reserved 1048576K
Event: 31.021 GC heap after
Heap after GC invocations=24 (full 6):
 PSYoungGen      total 574976K, used 70342K [0x00000000d5580000, 0x0000000100000000, 0x0000000100000000)
  eden space 454144K, 0% used [0x00000000d5580000,0x00000000d5580000,0x00000000f1100000)
  from space 120832K, 58% used [0x00000000f8a00000,0x00000000fceb1988,0x0000000100000000)
  to   space 122368K, 0% used [0x00000000f1100000,0x00000000f1100000,0x00000000f8880000)
 ParOldGen       total 699904K, used 529563K [0x0000000080000000, 0x00000000aab80000, 0x00000000d5580000)
  object space 699904K, 75% used [0x0000000080000000,0x00000000a0526cd0,0x00000000aab80000)
 Metaspace       used 6571K, capacity 7280K, committed 7552K, reserved 1056768K
  class space    used 597K, capacity 616K, committed 640K, reserved 1048576K
}
Event: 32.124 GC heap before
{Heap before GC invocations=25 (full 6):
 PSYoungGen      total 574976K, used 524486K [0x00000000d5580000, 0x0000000100000000, 0x0000000100000000)
  eden space 454144K, 100% used [0x00000000d5580000,0x00000000f1100000,0x00000000f1100000)
  from space 120832K, 58% used [0x00000000f8a00000,0x00000000fceb1988,0x0000000100000000)
  to   space 122368K, 0% used [0x00000000f1100000,0x00000000f1100000,0x00000000f8880000)
 ParOldGen       total 699904K, used 529563K [0x0000000080000000, 0x00000000aab80000, 0x00000000d5580000)
  object space 699904K, 75% used [0x0000000080000000,0x00000000a0526cd0,0x00000000aab80000)
 Metaspace       used 6572K, capacity 7280K, committed 7552K, reserved 1056768K
  class space    used 598K, capacity 616K, committed 640K, reserved 1048576K
Event: 32.424 GC heap after
Heap after GC invocations=25 (full 6):
 PSYoungGen      total 576512K, used 122365K [0x00000000d5580000, 0x0000000100000000, 0x0000000100000000)
  eden space 454144K, 0% used [0x00000000d5580000,0x00000000d5580000,0x00000000f1100000)
  from space 122368K, 99% used [0x00000000f1100000,0x00000000f887f670,0x00000000f8880000)
  to   space 122368K, 0% used [0x00000000f8880000,0x00000000f8880000,0x0000000100000000)
 ParOldGen       total 699904K, used 546242K [0x0000000080000000, 0x00000000aab80000, 0x00000000d5580000)
  object space 699904K, 78% used [0x0000000080000000,0x00000000a1570810,0x00000000aab80000)
 Metaspace       used 6572K, capacity 7280K, committed 7552K, reserved 1056768K
  class space    used 598K, capacity 616K, committed 640K, reserved 1048576K
}
Event: 35.132 GC heap before
{Heap before GC invocations=26 (full 6):
 PSYoungGen      total 576512K, used 576509K [0x00000000d5580000, 0x0000000100000000, 0x0000000100000000)
  eden space 454144K, 100% used [0x00000000d5580000,0x00000000f1100000,0x00000000f1100000)
  from space 122368K, 99% used [0x00000000f1100000,0x00000000f887f670,0x00000000f8880000)
  to   space 122368K, 0% used [0x00000000f8880000,0x00000000f8880000,0x0000000100000000)
 ParOldGen       total 699904K, used 546242K [0x0000000080000000, 0x00000000aab80000, 0x00000000d5580000)
  object space 699904K, 78% used [0x0000000080000000,0x00000000a1570810,0x00000000aab80000)
 Metaspace       used 6679K, capacity 7346K, committed 7552K, reserved 1056768K
  class space    used 604K, capacity 618K, committed 640K, reserved 1048576K
Event: 36.462 GC heap after
Heap after GC invocations=26 (full 6):
 PSYoungGen      total 537600K, used 63095K [0x00000000d5580000, 0x0000000100000000, 0x0000000100000000)
  eden space 415232K, 0% used [0x00000000d5580000,0x00000000d5580000,0x00000000eeb00000)
  from space 122368K, 51% used [0x00000000f8880000,0x00000000fc61de48,0x0000000100000000)
  to   space 141824K, 0% used [0x00000000eeb00000,0x00000000eeb00000,0x00000000f7580000)
 ParOldGen       total 699904K, used 667094K [0x0000000080000000, 0x00000000aab80000, 0x00000000d5580000)
  object space 699904K, 95% used [0x0000000080000000,0x00000000a8b759f0,0x00000000aab80000)
 Metaspace       used 6679K, capacity 7346K, committed 7552K, reserved 1056768K
  class space    used 604K, capacity 618K, committed 640K, reserved 1048576K
}
Event: 36.462 GC heap before
{Heap before GC invocations=27 (full 7):
 PSYoungGen      total 537600K, used 63095K [0x00000000d5580000, 0x0000000100000000, 0x0000000100000000)
  eden space 415232K, 0% used [0x00000000d5580000,0x00000000d5580000,0x00000000eeb00000)
  from space 122368K, 51% used [0x00000000f8880000,0x00000000fc61de48,0x0000000100000000)
  to   space 141824K, 0% used [0x00000000eeb00000,0x00000000eeb00000,0x00000000f7580000)
 ParOldGen       total 699904K, used 667094K [0x0000000080000000, 0x00000000aab80000, 0x00000000d5580000)
  object space 699904K, 95% used [0x0000000080000000,0x00000000a8b759f0,0x00000000aab80000)
 Metaspace       used 6679K, capacity 7346K, committed 7552K, reserved 1056768K
  class space    used 604K, capacity 618K, committed 640K, reserved 1048576K

